<?xml version="1.0" encoding="UTF-8"?>
<!-- Generated by org.testng.reporters.JUnitXMLReporter -->
<testsuite ignored="0" hostname="Injection" failures="0" tests="5" name="Default test" time="25.443" errors="0" timestamp="2022-07-14T21:48:34 EET">
  <testcase classname="testPackage.TestClass" name="checkTheLogoOfGooglePage" time="0.05"/>
  <testcase classname="testPackage.TestClass" name="checkTheResultStateIsNotEmpty" time="1.195"/>
  <testcase classname="testPackage.TestClass" name="checkTitleOfThePage" time="0.018"/>
  <testcase classname="testPackage.TestClass" name="searchForCucumber" time="2.67"/>
  <testcase classname="testPackage.TestClass" name="searchForTestNG" time="1.227"/>
</testsuite> <!-- Default test -->
