<?xml version="1.0" encoding="UTF-8"?>
<testng-results ignored="0" total="5" passed="5" failed="0" skipped="0">
  <reporter-output>
  </reporter-output>
  <suite started-at="2022-07-14T21:48:08 EET" name="Default suite" finished-at="2022-07-14T21:48:34 EET" duration-ms="25443">
    <groups>
      <group name="FireFox">
        <method signature="TestClass.searchForTestNG()[pri:0, instance:testPackage.TestClass@59662a0b]" name="searchForTestNG" class="testPackage.TestClass"/>
      </group> <!-- FireFox -->
    </groups>
    <test started-at="2022-07-14T21:48:08 EET" name="Default test" finished-at="2022-07-14T21:48:34 EET" duration-ms="25443">
      <class name="testPackage.TestClass">
        <test-method is-config="true" signature="setupEnv()[pri:0, instance:testPackage.TestClass@59662a0b]" started-at="2022-07-14T21:48:08 EET" name="setupEnv" finished-at="2022-07-14T21:48:12 EET" duration-ms="3707" status="PASS">
          <reporter-output>
          </reporter-output>
        </test-method> <!-- setupEnv -->
        <test-method signature="checkTheLogoOfGooglePage()[pri:0, instance:testPackage.TestClass@59662a0b]" started-at="2022-07-14T21:48:12 EET" name="checkTheLogoOfGooglePage" finished-at="2022-07-14T21:48:12 EET" duration-ms="50" status="PASS">
          <reporter-output>
          </reporter-output>
        </test-method> <!-- checkTheLogoOfGooglePage -->
        <test-method is-config="true" signature="closeBrowser()[pri:0, instance:testPackage.TestClass@59662a0b]" started-at="2022-07-14T21:48:12 EET" name="closeBrowser" finished-at="2022-07-14T21:48:12 EET" duration-ms="165" status="PASS">
          <reporter-output>
          </reporter-output>
        </test-method> <!-- closeBrowser -->
        <test-method is-config="true" signature="setupEnv()[pri:0, instance:testPackage.TestClass@59662a0b]" started-at="2022-07-14T21:48:12 EET" name="setupEnv" finished-at="2022-07-14T21:48:15 EET" duration-ms="3174" status="PASS">
          <reporter-output>
          </reporter-output>
        </test-method> <!-- setupEnv -->
        <test-method signature="checkTheResultStateIsNotEmpty()[pri:0, instance:testPackage.TestClass@59662a0b]" started-at="2022-07-14T21:48:15 EET" name="checkTheResultStateIsNotEmpty" finished-at="2022-07-14T21:48:17 EET" duration-ms="1195" status="PASS">
          <reporter-output>
          </reporter-output>
        </test-method> <!-- checkTheResultStateIsNotEmpty -->
        <test-method is-config="true" signature="closeBrowser()[pri:0, instance:testPackage.TestClass@59662a0b]" started-at="2022-07-14T21:48:17 EET" name="closeBrowser" finished-at="2022-07-14T21:48:17 EET" duration-ms="146" status="PASS">
          <reporter-output>
          </reporter-output>
        </test-method> <!-- closeBrowser -->
        <test-method is-config="true" signature="setupEnv()[pri:0, instance:testPackage.TestClass@59662a0b]" started-at="2022-07-14T21:48:17 EET" name="setupEnv" finished-at="2022-07-14T21:48:20 EET" duration-ms="2764" status="PASS">
          <reporter-output>
          </reporter-output>
        </test-method> <!-- setupEnv -->
        <test-method signature="checkTitleOfThePage()[pri:0, instance:testPackage.TestClass@59662a0b]" started-at="2022-07-14T21:48:20 EET" name="checkTitleOfThePage" finished-at="2022-07-14T21:48:20 EET" duration-ms="18" status="PASS">
          <reporter-output>
          </reporter-output>
        </test-method> <!-- checkTitleOfThePage -->
        <test-method is-config="true" signature="closeBrowser()[pri:0, instance:testPackage.TestClass@59662a0b]" started-at="2022-07-14T21:48:20 EET" name="closeBrowser" finished-at="2022-07-14T21:48:20 EET" duration-ms="150" status="PASS">
          <reporter-output>
          </reporter-output>
        </test-method> <!-- closeBrowser -->
        <test-method is-config="true" signature="setupEnv()[pri:0, instance:testPackage.TestClass@59662a0b]" started-at="2022-07-14T21:48:20 EET" name="setupEnv" finished-at="2022-07-14T21:48:22 EET" duration-ms="2726" status="PASS">
          <reporter-output>
          </reporter-output>
        </test-method> <!-- setupEnv -->
        <test-method signature="searchForCucumber()[pri:0, instance:testPackage.TestClass@59662a0b]" started-at="2022-07-14T21:48:22 EET" name="searchForCucumber" finished-at="2022-07-14T21:48:25 EET" duration-ms="2670" status="PASS">
          <reporter-output>
          </reporter-output>
        </test-method> <!-- searchForCucumber -->
        <test-method is-config="true" signature="closeBrowser()[pri:0, instance:testPackage.TestClass@59662a0b]" started-at="2022-07-14T21:48:25 EET" name="closeBrowser" finished-at="2022-07-14T21:48:25 EET" duration-ms="153" status="PASS">
          <reporter-output>
          </reporter-output>
        </test-method> <!-- closeBrowser -->
        <test-method is-config="true" signature="FireFoxEnv()[pri:0, instance:testPackage.TestClass@59662a0b]" started-at="2022-07-14T21:48:25 EET" name="FireFoxEnv" finished-at="2022-07-14T21:48:30 EET" duration-ms="4294" status="PASS">
          <reporter-output>
          </reporter-output>
        </test-method> <!-- FireFoxEnv -->
        <test-method is-config="true" signature="setupEnv()[pri:0, instance:testPackage.TestClass@59662a0b]" started-at="2022-07-14T21:48:30 EET" name="setupEnv" finished-at="2022-07-14T21:48:32 EET" duration-ms="2776" status="PASS">
          <reporter-output>
          </reporter-output>
        </test-method> <!-- setupEnv -->
        <test-method signature="searchForTestNG()[pri:0, instance:testPackage.TestClass@59662a0b]" started-at="2022-07-14T21:48:32 EET" name="searchForTestNG" finished-at="2022-07-14T21:48:34 EET" duration-ms="1227" status="PASS">
          <reporter-output>
          </reporter-output>
        </test-method> <!-- searchForTestNG -->
        <test-method is-config="true" signature="closeBrowser()[pri:0, instance:testPackage.TestClass@59662a0b]" started-at="2022-07-14T21:48:34 EET" name="closeBrowser" finished-at="2022-07-14T21:48:34 EET" duration-ms="171" status="PASS">
          <reporter-output>
          </reporter-output>
        </test-method> <!-- closeBrowser -->
        <test-method is-config="true" signature="closeFireFoxBrowser()[pri:0, instance:testPackage.TestClass@59662a0b]" started-at="2022-07-14T21:48:34 EET" name="closeFireFoxBrowser" finished-at="2022-07-14T21:48:34 EET" duration-ms="1" status="PASS">
          <reporter-output>
          </reporter-output>
        </test-method> <!-- closeFireFoxBrowser -->
      </class> <!-- testPackage.TestClass -->
    </test> <!-- Default test -->
  </suite> <!-- Default suite -->
</testng-results>
